<?xml version="1.0" encoding="UTF-8"?>
<!-- Generated by org.testng.reporters.JUnitXMLReporter -->
<testsuite ignored="0" hostname="LAU08006328" failures="1" tests="1" name="Validate Current Age Info Message" time="20.356" errors="0" timestamp="2020-12-06T18:36:51 NZDT">
  <testcase classname="TestUserStory1.ValidateCurrentAgeInfoMessage" name="checkInfoButton" time="7.944">
    <failure type="java.lang.AssertionError" message="expected [This calculator has an age limit of 64 years old as you need to be under the age of 65 to join KiwiSaver.] but found [This calculator has an age limit of 18 to 64 years old.]">
      <![CDATA[java.lang.AssertionError: expected [This calculator has an age limit of 64 years old as you need to be under the age of 65 to join KiwiSaver.] but found [This calculator has an age limit of 18 to 64 years old.]
at TestUserStory1.ValidateCurrentAgeInfoMessage.checkInfoButton(ValidateCurrentAgeInfoMessage.java:65)
at java.base/java.util.ArrayList.forEach(ArrayList.java:1540)
... Removed 36 stack frames]]>
    </failure>
  </testcase> <!-- checkInfoButton -->
</testsuite> <!-- Validate Current Age Info Message -->
