<?xml version="1.0" encoding="UTF-8"?>
<testsuite xmlns:xsi="http://www.w3.org/2001/XMLSchema-instance" xsi:noNamespaceSchemaLocation="https://maven.apache.org/surefire/maven-surefire-plugin/xsd/surefire-test-report-3.0.xsd" version="3.0" name="TestSuite" time="93.252" tests="5" errors="0" skipped="0" failures="1">
  <properties>
[...]
</properties>
  <testcase name="checkInfoButton" classname="TestUserStory1.ValidateCurrentAgeInfoMessage" time="8.664">
    <failure message="expected [This calculator has an age limit of 64 years old as you need to be under the age of 65 to join KiwiSaver.] but found [This calculator has an age limit of 18 to 64 years old.]" type="java.lang.AssertionError"><![CDATA[java.lang.AssertionError: expected [This calculator has an age limit of 64 years old as you need to be under the age of 65 to join KiwiSaver.] but found [This calculator has an age limit of 18 to 64 years old.]
	at TestUserStory1.ValidateCurrentAgeInfoMessage.checkInfoButton(ValidateCurrentAgeInfoMessage.java:65)
]]></failure>
    <system-out><![CDATA[This calculator has an age limit of 18 to 64 years old.
]]></system-out>
    <system-err><![CDATA[Starting ChromeDriver 87.0.4280.88 (89e2380a3e36c3464b5dd1302349b1382549290d-refs/branch-heads/4280@{#1761}) on port 20380
Only local connections are allowed.
Please see https://chromedriver.chromium.org/security-considerations for suggestions on keeping ChromeDriver safe.
ChromeDriver was started successfully.
Dec. 06, 2020 6:36:34 PM org.openqa.selenium.remote.ProtocolHandshake createSession
INFO: Detected dialect: W3C
]]></system-err>
  </testcase>
  <testcase name="checkInfoIcon" classname="TestUserStory1.ValidateInfoIconPresentForFields" time="6.411">
    <system-out><![CDATA[9
9
Info Icon button is present for every field
]]></system-out>
    <system-err><![CDATA[Starting ChromeDriver 87.0.4280.88 (89e2380a3e36c3464b5dd1302349b1382549290d-refs/branch-heads/4280@{#1761}) on port 37724
Only local connections are allowed.
Please see https://chromedriver.chromium.org/security-considerations for suggestions on keeping ChromeDriver safe.
ChromeDriver was started successfully.
Dec. 06, 2020 6:36:55 PM org.openqa.selenium.remote.ProtocolHandshake createSession
INFO: Detected dialect: W3C
]]></system-err>
  </testcase>
  <testcase name="TestEmployed[30, Employed, 82000](1)" classname="TestUserStory2.ValidateRetirementPlanForEmployed" time="6.743">
    <system-err><![CDATA[Starting ChromeDriver 87.0.4280.88 (89e2380a3e36c3464b5dd1302349b1382549290d-refs/branch-heads/4280@{#1761}) on port 36760
Only local connections are allowed.
Please see https://chromedriver.chromium.org/security-considerations for suggestions on keeping ChromeDriver safe.
ChromeDriver was started successfully.
Dec. 06, 2020 6:37:12 PM org.openqa.selenium.remote.ProtocolHandshake createSession
INFO: Detected dialect: W3C
]]></system-err>
  </testcase>
  <testcase name="TestNotEmployed[55, Not employed, 140000, 10, Annually, 200000](1)" classname="TestUserStory2.ValidateRetirementPlanForNotEmployed" time="7.684">
    <system-err><![CDATA[Starting ChromeDriver 87.0.4280.88 (89e2380a3e36c3464b5dd1302349b1382549290d-refs/branch-heads/4280@{#1761}) on port 37504
Only local connections are allowed.
Please see https://chromedriver.chromium.org/security-considerations for suggestions on keeping ChromeDriver safe.
ChromeDriver was started successfully.
Dec. 06, 2020 6:37:29 PM org.openqa.selenium.remote.ProtocolHandshake createSession
INFO: Detected dialect: W3C
]]></system-err>
  </testcase>
  <testcase name="TestSelfEmployed[46, Self-employed, 100000, 90, Fortnightly, 290000](1)" classname="TestUserStory2.ValidateRetirementPlanForSelfEmployed" time="7.555">
    <system-err><![CDATA[Starting ChromeDriver 87.0.4280.88 (89e2380a3e36c3464b5dd1302349b1382549290d-refs/branch-heads/4280@{#1761}) on port 13918
Only local connections are allowed.
Please see https://chromedriver.chromium.org/security-considerations for suggestions on keeping ChromeDriver safe.
ChromeDriver was started successfully.
Dec. 06, 2020 6:37:48 PM org.openqa.selenium.remote.ProtocolHandshake createSession
INFO: Detected dialect: W3C
]]></system-err>
  </testcase>
</testsuite>